Started on Aug 22, 2022, 8:27:00 AM
Using strategy: Default
[poll] Last Built Revision: Revision 05c6e67aec855b8282c94f7eef42bb3f9a6ce087 (origin/main)
Selected Git installation does not exist. Using Default
The recommended git tool is: NONE
No credentials specified
 > git --version # timeout=10
 > git --version # 'git version 2.30.2'
 > git ls-remote -h -- https://github.com/HavivMuchtar/Jenkins.git # timeout=10
Found 1 remote heads on https://github.com/HavivMuchtar/Jenkins.git
[poll] Latest remote head revision on refs/heads/main is: 517e0d2a99103da66656c7bc0f1168cf48d622fe
Using strategy: Default
[poll] Last Built Revision: Revision cf07a10334ba29ae9ba22e6e2c2988a44829f41d (refs/remotes/origin/main)
The recommended git tool is: NONE
No credentials specified
 > git --version # timeout=10
 > git --version # 'git version 2.30.2'
 > git ls-remote -h -- https://github.com/Elad0109/simple-webapp-nodejs-.git # timeout=10
Found 1 remote heads on https://github.com/Elad0109/simple-webapp-nodejs-.git
[poll] Latest remote head revision on refs/heads/main is: cf07a10334ba29ae9ba22e6e2c2988a44829f41d - already built by 9
Done. Took 0.72 sec
Changes found
