Started on Aug 22, 2022, 10:22:00 AM
Using strategy: Default
[poll] Last Built Revision: Revision 517e0d2a99103da66656c7bc0f1168cf48d622fe (origin/main)
Selected Git installation does not exist. Using Default
The recommended git tool is: NONE
No credentials specified
 > git --version # timeout=10
 > git --version # 'git version 2.30.2'
 > git ls-remote -h -- https://github.com/HavivMuchtar/Jenkins.git # timeout=10
Found 1 remote heads on https://github.com/HavivMuchtar/Jenkins.git
[poll] Latest remote head revision on refs/heads/main is: 80ded1201f7483b065efc5287037bb3bed3d1fe4
Using strategy: Default
[poll] Last Built Revision: Revision d092167dfc366f999ddde19f7292ca33dd670562 (refs/remotes/origin/main)
The recommended git tool is: NONE
No credentials specified
 > git --version # timeout=10
 > git --version # 'git version 2.30.2'
 > git ls-remote -h -- https://github.com/Elad0109/simple-webapp-nodejs-.git # timeout=10
Found 1 remote heads on https://github.com/Elad0109/simple-webapp-nodejs-.git
[poll] Latest remote head revision on refs/heads/main is: d092167dfc366f999ddde19f7292ca33dd670562 - already built by 11
Done. Took 0.68 sec
Changes found
