Started on Aug 22, 2022, 10:27:00 AM
Using strategy: Default
[poll] Last Built Revision: Revision 09bf77416a0c1beee323fd148c85849cce137e56 (origin/main)
Selected Git installation does not exist. Using Default
The recommended git tool is: NONE
No credentials specified
 > git --version # timeout=10
 > git --version # 'git version 2.30.2'
 > git ls-remote -h -- https://github.com/HavivMuchtar/Jenkins.git # timeout=10
Found 1 remote heads on https://github.com/HavivMuchtar/Jenkins.git
[poll] Latest remote head revision on refs/heads/main is: 98935c181131f9cb05b4c60e41fe2dc19b05106a
Using strategy: Default
[poll] Last Built Revision: Revision d092167dfc366f999ddde19f7292ca33dd670562 (refs/remotes/origin/main)
The recommended git tool is: NONE
No credentials specified
 > git --version # timeout=10
 > git --version # 'git version 2.30.2'
 > git ls-remote -h -- https://github.com/Elad0109/simple-webapp-nodejs-.git # timeout=10
Found 1 remote heads on https://github.com/Elad0109/simple-webapp-nodejs-.git
[poll] Latest remote head revision on refs/heads/main is: d092167dfc366f999ddde19f7292ca33dd670562 - already built by 13
Done. Took 1 sec
Changes found
